2025/05/17 16:52:36 Cantidad de intrucciones leidas: 3
2025/05/17 16:52:36 Instruccion 0 LOAD A
2025/05/17 16:52:36 Instruccion 1 ADD B
2025/05/17 16:52:36 Instruccion 2 STORE C
2025/05/17 17:03:45 Nueva prueba: 
2025/05/17 17:03:45 Cantidad de intrucciones leidas: 4
2025/05/17 17:03:45 Instruccion 0 LOAD A
2025/05/17 17:03:45 Instruccion 1 ADD B
2025/05/17 17:03:45 Instruccion 2 STORE C
2025/05/17 17:03:45 Instruccion 3 HALT
2025/05/17 17:08:37 Nueva prueba: 
2025/05/17 17:08:37 Cantidad de intrucciones leidas: 4
2025/05/17 17:08:37 Instruccion 0 LOAD A
2025/05/17 17:08:37 Instruccion 1 ADD B
2025/05/17 17:08:37 Instruccion 2 STORE C
2025/05/17 17:08:37 Instruccion 3 HALT
2025/05/17 17:08:37 Instrucciones decodificadas: [{LOAD [A]} {ADD [B]} {STORE [C]} {HALT []}]
2025/05/17 17:09:09 Nueva prueba: 
2025/05/17 17:09:09 Cantidad de intrucciones leidas: 4
2025/05/17 17:09:09 Instruccion 0 LOAD A B C
2025/05/17 17:09:09 Instruccion 1 ADD B
2025/05/17 17:09:09 Instruccion 2 STORE C
2025/05/17 17:09:09 Instruccion 3 HALT
2025/05/17 17:09:09 Instrucciones decodificadas: [{LOAD [A B C]} {ADD [B]} {STORE [C]} {HALT []}]
